Using pre-set license
Built from '2020.3/staging' branch; Version is '2020.3.17f1 (a4537701e4ab) revision 10769271'; Using compiler version '192528614'; Build Type 'Release'
OS: 'Windows 10 Pro; OS build 19043.1165; Version 2009; 64bit' Language: 'en' Physical Memory: 16342 MB
BatchMode: 1, IsHumanControllingUs: 0, StartBugReporterOnCrash: 0, Is64bit: 1, IsPro: 0

COMMAND LINE ARGUMENTS:
P:\Unity\Editors\2020.3.17f1\Editor\Unity.exe
-adb2
-batchMode
-noUpm
-name
AssetImportWorker0
-projectPath
P:/Unity Projects/Create With Code/PersonalProject1
-logFile
Logs/AssetImportWorker0.log
-srvPort
51978
Successfully changed project path to: P:/Unity Projects/Create With Code/PersonalProject1
P:/Unity Projects/Create With Code/PersonalProject1
Using Asset Import Pipeline V2.
Refreshing native plugins compatible for Editor in 57.53 ms, found 2 plugins.
Preloading 0 native plugins for Editor in 0.00 ms.
Initialize engine version: 2020.3.17f1 (a4537701e4ab)
[Subsystems] Discovering subsystems at path P:/Unity/Editors/2020.3.17f1/Editor/Data/Resources/UnitySubsystems
[Subsystems] Discovering subsystems at path P:/Unity Projects/Create With Code/PersonalProject1/Assets
GfxDevice: creating device client; threaded=0
Direct3D:
    Version:  Direct3D 11.0 [level 11.1]
    Renderer: NVIDIA GeForce RTX 2080 (ID=0x1e87)
    Vendor:   
    VRAM:     8010 MB
    Driver:   30.0.14.7196
Initialize mono
Mono path[0] = 'P:/Unity/Editors/2020.3.17f1/Editor/Data/Managed'
Mono path[1] = 'P:/Unity/Editors/2020.3.17f1/Editor/Data/MonoBleedingEdge/lib/mono/unityjit'
Mono config path = 'P:/Unity/Editors/2020.3.17f1/Editor/Data/MonoBleedingEdge/etc'
Using monoOptions --debugger-agent=transport=dt_socket,embedding=1,server=y,suspend=n,address=127.0.0.1:56908
Begin MonoManager ReloadAssembly
Registering precompiled unity dll's ...
Register platform support module: P:/Unity/Editors/2020.3.17f1/Editor/Data/PlaybackEngines/MacStandaloneSupport/UnityEditor.OSXStandalone.Extensions.dll
Register platform support module: P:/Unity/Editors/2020.3.17f1/Editor/Data/PlaybackEngines/WindowsStandaloneSupport/UnityEditor.WindowsStandalone.Extensions.dll
Register platform support module: P:/Unity/Editors/2020.3.17f1/Editor/Data/PlaybackEngines/LinuxStandaloneSupport/UnityEditor.LinuxStandalone.Extensions.dll
Registered in 0.001505 seconds.
Native extension for LinuxStandalone target not found
Native extension for WindowsStandalone target not found
Native extension for OSXStandalone target not found
Refreshing native plugins compatible for Editor in 49.80 ms, found 2 plugins.
Preloading 0 native plugins for Editor in 0.00 ms.
Mono: successfully reloaded assembly
- Completed reload, in  1.463 seconds
Domain Reload Profiling:
	ReloadAssembly (1464ms)
		BeginReloadAssembly (57ms)
			ExecutionOrderSort (0ms)
			DisableScriptedObjects (0ms)
			BackupInstance (0ms)
			ReleaseScriptingObjects (0ms)
			CreateAndSetChildDomain (1ms)
		EndReloadAssembly (427ms)
			LoadAssemblies (56ms)
			RebuildTransferFunctionScriptingTraits (0ms)
			SetupTypeCache (154ms)
			ReleaseScriptCaches (0ms)
			RebuildScriptCaches (27ms)
			SetupLoadedEditorAssemblies (177ms)
				LogAssemblyErrors (0ms)
				InitializePlatformSupportModulesInManaged (5ms)
				SetLoadedEditorAssemblies (0ms)
				RefreshPlugins (50ms)
				BeforeProcessingInitializeOnLoad (18ms)
				ProcessInitializeOnLoadAttributes (76ms)
				ProcessInitializeOnLoadMethodAttributes (28ms)
				AfterProcessingInitializeOnLoad (0ms)
				EditorAssembliesLoaded (0ms)
			ExecutionOrderSort2 (0ms)
			AwakeInstancesAfterBackupRestoration (0ms)
Platform modules already initialized, skipping
Registering precompiled user dll's ...
Registered in 0.003370 seconds.
Begin MonoManager ReloadAssembly
Native extension for LinuxStandalone target not found
Native extension for WindowsStandalone target not found
Native extension for OSXStandalone target not found
Refreshing native plugins compatible for Editor in 49.20 ms, found 2 plugins.
Preloading 0 native plugins for Editor in 0.00 ms.
Mono: successfully reloaded assembly
- Completed reload, in  1.218 seconds
Domain Reload Profiling:
	ReloadAssembly (1219ms)
		BeginReloadAssembly (134ms)
			ExecutionOrderSort (0ms)
			DisableScriptedObjects (4ms)
			BackupInstance (0ms)
			ReleaseScriptingObjects (0ms)
			CreateAndSetChildDomain (18ms)
		EndReloadAssembly (1024ms)
			LoadAssemblies (90ms)
			RebuildTransferFunctionScriptingTraits (0ms)
			SetupTypeCache (350ms)
			ReleaseScriptCaches (1ms)
			RebuildScriptCaches (55ms)
			SetupLoadedEditorAssemblies (411ms)
				LogAssemblyErrors (0ms)
				InitializePlatformSupportModulesInManaged (5ms)
				SetLoadedEditorAssemblies (0ms)
				RefreshPlugins (49ms)
				BeforeProcessingInitializeOnLoad (75ms)
				ProcessInitializeOnLoadAttributes (273ms)
				ProcessInitializeOnLoadMethodAttributes (4ms)
				AfterProcessingInitializeOnLoad (3ms)
				EditorAssembliesLoaded (0ms)
			ExecutionOrderSort2 (0ms)
			AwakeInstancesAfterBackupRestoration (6ms)
Platform modules already initialized, skipping
========================================================================
Worker process is ready to serve import requests
Launched and connected shader compiler UnityShaderCompiler.exe after 0.09 seconds
Refreshing native plugins compatible for Editor in 0.93 ms, found 2 plugins.
Preloading 0 native plugins for Editor in 0.00 ms.
Unloading 2842 Unused Serialized files (Serialized files now loaded: 0)
System memory in use before: 127.2 MB.
System memory in use after: 127.4 MB.

Unloading 20 unused Assets to reduce memory usage. Loaded Objects now: 3275.
Total: 3.594900 ms (FindLiveObjects: 0.313100 ms CreateObjectMapping: 0.158000 ms MarkObjects: 3.035000 ms  DeleteObjects: 0.087700 ms)

AssetImportParameters requested are different than current active one (requested -> active):
  custom:framework-win-MediaFoundation: 216162199b28c13a410421893ffa2e32 -> 
  custom:video-decoder-ogg-theora: a1e56fd34408186e4bbccfd4996cb3dc -> 
  custom:container-muxer-webm: aa71ff27fc2769a1b78a27578f13a17b -> 
  custom:container-demuxer-webm: 4f35f7cbe854078d1ac9338744f61a02 -> 
  custom:container-demuxer-ogg: 62fdf1f143b41e24485cea50d1cbac27 -> 
  custom:video-encoder-webm-vp8: eb34c28f22e8b96e1ab97ce403110664 -> 
  custom:video-decoder-webm-vp8: 9c59270c3fd7afecdb556c50c9e8de78 -> 
  custom:audio-decoder-ogg-vorbis: bf7c407c2cedff20999df2af8eb42d56 -> 
  custom:audio-encoder-webm-vorbis: bf7c407c2cedff20999df2af8eb42d56 -> 
========================================================================
Received Import Request.
  path: Assets/Scenes/SampleScene.unity
  artifactKey: Guid(9fc0d4010bbf28b4594072e72b8655ab) Importer(815301076,1909f56bfc062723c751e8b465ee728b)
Start importing Assets/Scenes/SampleScene.unity using Guid(9fc0d4010bbf28b4594072e72b8655ab) Importer(815301076,1909f56bfc062723c751e8b465ee728b)  -> (artifact id: '08f1b32a0104b0464d8dc01e9e0bfcdf') in 0.017001 seconds 
  Import took 0.023651 seconds .

========================================================================
Received Import Request.
  Time since last request: 5.263881 seconds.
  path: Assets/Scenes/MyGame.unity
  artifactKey: Guid(9fc0d4010bbf28b4594072e72b8655ab) Importer(815301076,1909f56bfc062723c751e8b465ee728b)
Start importing Assets/Scenes/MyGame.unity using Guid(9fc0d4010bbf28b4594072e72b8655ab) Importer(815301076,1909f56bfc062723c751e8b465ee728b)  -> (artifact id: '7224630469f1ac764f30608ac66ad8bc') in 0.007845 seconds 
  Import took 0.016378 seconds .

========================================================================
Received Import Request.
  Time since last request: 479.192147 seconds.
  path: Assets/Asset Unlock - 3D Prototyping
  artifactKey: Guid(e759cc7f10345ac4fa1e4cdf9d101bd0) Importer(815301076,1909f56bfc062723c751e8b465ee728b)
Start importing Assets/Asset Unlock - 3D Prototyping using Guid(e759cc7f10345ac4fa1e4cdf9d101bd0) Importer(815301076,1909f56bfc062723c751e8b465ee728b)  -> (artifact id: '6fbd1fb45bbe79dad327e9cf9adcf250') in 0.007668 seconds 
  Import took 0.013340 seconds .

========================================================================
Received Prepare
Registering precompiled user dll's ...
Registered in 0.003515 seconds.
Begin MonoManager ReloadAssembly
Native extension for LinuxStandalone target not found
Native extension for WindowsStandalone target not found
Native extension for OSXStandalone target not found
Refreshing native plugins compatible for Editor in 0.49 ms, found 2 plugins.
Preloading 0 native plugins for Editor in 0.00 ms.
Mono: successfully reloaded assembly
- Completed reload, in  1.315 seconds
Domain Reload Profiling:
	ReloadAssembly (1316ms)
		BeginReloadAssembly (140ms)
			ExecutionOrderSort (0ms)
			DisableScriptedObjects (4ms)
			BackupInstance (0ms)
			ReleaseScriptingObjects (0ms)
			CreateAndSetChildDomain (50ms)
		EndReloadAssembly (1102ms)
			LoadAssemblies (105ms)
			RebuildTransferFunctionScriptingTraits (0ms)
			SetupTypeCache (424ms)
			ReleaseScriptCaches (2ms)
			RebuildScriptCaches (74ms)
			SetupLoadedEditorAssemblies (383ms)
				LogAssemblyErrors (0ms)
				InitializePlatformSupportModulesInManaged (6ms)
				SetLoadedEditorAssemblies (0ms)
				RefreshPlugins (1ms)
				BeforeProcessingInitializeOnLoad (89ms)
				ProcessInitializeOnLoadAttributes (281ms)
				ProcessInitializeOnLoadMethodAttributes (4ms)
				AfterProcessingInitializeOnLoad (2ms)
				EditorAssembliesLoaded (0ms)
			ExecutionOrderSort2 (0ms)
			AwakeInstancesAfterBackupRestoration (10ms)
Platform modules already initialized, skipping
Switching render pipeline 472f49eb19962e34184eceef7a576200 -> 00000000000000000000000000000000
Refreshing native plugins compatible for Editor in 0.69 ms, found 2 plugins.
Preloading 0 native plugins for Editor in 0.00 ms.
Unloading 2729 Unused Serialized files (Serialized files now loaded: 0)
System memory in use before: 119.9 MB.
System memory in use after: 120.1 MB.

Unloading 17 unused Assets to reduce memory usage. Loaded Objects now: 3275.
Total: 4.362400 ms (FindLiveObjects: 0.288100 ms CreateObjectMapping: 0.155900 ms MarkObjects: 3.881000 ms  DeleteObjects: 0.036300 ms)

AssetImportParameters requested are different than current active one (requested -> active):
  custom:framework-win-MediaFoundation: 216162199b28c13a410421893ffa2e32 -> 
  custom:video-decoder-ogg-theora: a1e56fd34408186e4bbccfd4996cb3dc -> 
  custom:container-muxer-webm: aa71ff27fc2769a1b78a27578f13a17b -> 
  custom:container-demuxer-webm: 4f35f7cbe854078d1ac9338744f61a02 -> 
  custom:container-demuxer-ogg: 62fdf1f143b41e24485cea50d1cbac27 -> 
  custom:video-encoder-webm-vp8: eb34c28f22e8b96e1ab97ce403110664 -> 
  custom:video-decoder-webm-vp8: 9c59270c3fd7afecdb556c50c9e8de78 -> 
  custom:audio-decoder-ogg-vorbis: bf7c407c2cedff20999df2af8eb42d56 -> 
  custom:audio-encoder-webm-vorbis: bf7c407c2cedff20999df2af8eb42d56 -> 
========================================================================
Received Import Request.
  Time since last request: 12.665523 seconds.
  path: Assets/Scenes/SampleSceneSettings.lighting
  artifactKey: Guid(4c121f238ab31344bb3550f46aad31bf) Importer(815301076,1909f56bfc062723c751e8b465ee728b)
Start importing Assets/Scenes/SampleSceneSettings.lighting using Guid(4c121f238ab31344bb3550f46aad31bf) Importer(815301076,1909f56bfc062723c751e8b465ee728b) LightingSettings: switching bake backend from 1 to 2.
 -> (artifact id: '751f045d5cb4ff5d8a6cb35f27a39f08') in 0.053123 seconds 
  Import took 0.057824 seconds .

========================================================================
Received Import Request.
  Time since last request: 0.491492 seconds.
  path: Assets/Scenes/SampleSceneSettings.lighting
  artifactKey: Guid(4c121f238ab31344bb3550f46aad31bf) Importer(815301076,1909f56bfc062723c751e8b465ee728b)
Start importing Assets/Scenes/SampleSceneSettings.lighting using Guid(4c121f238ab31344bb3550f46aad31bf) Importer(815301076,1909f56bfc062723c751e8b465ee728b) LightingSettings: switching bake backend from 1 to 2.
 -> (artifact id: '751f045d5cb4ff5d8a6cb35f27a39f08') in 0.005203 seconds 
  Import took 0.010854 seconds .

========================================================================
Received Import Request.
  Time since last request: 52.116925 seconds.
  path: Assets
  artifactKey: Guid(00000000000000001000000000000000) Importer(815301076,1909f56bfc062723c751e8b465ee728b)
Start importing Assets using Guid(00000000000000001000000000000000) Importer(815301076,1909f56bfc062723c751e8b465ee728b)  -> (artifact id: '42d402b061de3733987d63b9cc3b64de') in 0.006460 seconds 
  Import took 0.011496 seconds .

========================================================================
Received Import Request.
  Time since last request: 4.153272 seconds.
  path: Assets/Materials
  artifactKey: Guid(7eeaaf272421a6b44b73da1538a78d11) Importer(815301076,1909f56bfc062723c751e8b465ee728b)
Start importing Assets/Materials using Guid(7eeaaf272421a6b44b73da1538a78d11) Importer(815301076,1909f56bfc062723c751e8b465ee728b)  -> (artifact id: '30ac7393d08ba2526f633c5f2265b4d0') in 0.005725 seconds 
  Import took 0.011093 seconds .

========================================================================
Received Import Request.
  Time since last request: 0.019029 seconds.
  path: Assets/Materials
  artifactKey: Guid(7eeaaf272421a6b44b73da1538a78d11) Importer(815301076,1909f56bfc062723c751e8b465ee728b)
Start importing Assets/Materials using Guid(7eeaaf272421a6b44b73da1538a78d11) Importer(815301076,1909f56bfc062723c751e8b465ee728b)  -> (artifact id: '30ac7393d08ba2526f633c5f2265b4d0') in 0.001639 seconds 
  Import took 0.006079 seconds .

========================================================================
Received Import Request.
  Time since last request: 488.956628 seconds.
  path: Assets/Prefabs
  artifactKey: Guid(77afd6a852a4a134ca5c039c3847ad46) Importer(815301076,1909f56bfc062723c751e8b465ee728b)
Start importing Assets/Prefabs using Guid(77afd6a852a4a134ca5c039c3847ad46) Importer(815301076,1909f56bfc062723c751e8b465ee728b)  -> (artifact id: '1864c23394cc5dbd6787d5d5c49ff49e') in 0.006798 seconds 
  Import took 0.012758 seconds .

========================================================================
Received Import Request.
  Time since last request: 402.304619 seconds.
  path: Assets/Prefabs/Player.prefab
  artifactKey: Guid(daa6b97c1c6567248bb8ad027db7a847) Importer(815301076,1909f56bfc062723c751e8b465ee728b)
Start importing Assets/Prefabs/Player.prefab using Guid(daa6b97c1c6567248bb8ad027db7a847) Importer(815301076,1909f56bfc062723c751e8b465ee728b)  -> (artifact id: 'fc523481d3d1410e094d0317d14bb8e3') in 0.085287 seconds 
  Import took 0.090856 seconds .

========================================================================
Received Import Request.
  Time since last request: 3.908767 seconds.
  path: Assets/Prefabs/Enemy1.prefab
  artifactKey: Guid(f973f76cdf46e3740accbe26b231cfd4) Importer(815301076,1909f56bfc062723c751e8b465ee728b)
Start importing Assets/Prefabs/Enemy1.prefab using Guid(f973f76cdf46e3740accbe26b231cfd4) Importer(815301076,1909f56bfc062723c751e8b465ee728b)  -> (artifact id: '9f0762b9fe856ff0d70e3faa5c0a3a6b') in 0.016438 seconds 
  Import took 0.022706 seconds .

========================================================================
Received Import Request.
  Time since last request: 0.002307 seconds.
  path: Assets/Prefabs/Enemy1.prefab
  artifactKey: Guid(f973f76cdf46e3740accbe26b231cfd4) Importer(815301076,1909f56bfc062723c751e8b465ee728b)
Start importing Assets/Prefabs/Enemy1.prefab using Guid(f973f76cdf46e3740accbe26b231cfd4) Importer(815301076,1909f56bfc062723c751e8b465ee728b)  -> (artifact id: '9f0762b9fe856ff0d70e3faa5c0a3a6b') in 0.010765 seconds 
  Import took 0.015528 seconds .

========================================================================
Received Import Request.
  Time since last request: 2.820691 seconds.
  path: Assets/Prefabs/Enemy2.prefab
  artifactKey: Guid(1cae85a528aad514e9d9947cab0a1eec) Importer(815301076,1909f56bfc062723c751e8b465ee728b)
Start importing Assets/Prefabs/Enemy2.prefab using Guid(1cae85a528aad514e9d9947cab0a1eec) Importer(815301076,1909f56bfc062723c751e8b465ee728b)  -> (artifact id: '3eb06637ef85707aff1e43e69b37fa80') in 0.014965 seconds 
  Import took 0.022183 seconds .

========================================================================
Received Import Request.
  Time since last request: 0.002525 seconds.
  path: Assets/Prefabs/Enemy2.prefab
  artifactKey: Guid(1cae85a528aad514e9d9947cab0a1eec) Importer(815301076,1909f56bfc062723c751e8b465ee728b)
Start importing Assets/Prefabs/Enemy2.prefab using Guid(1cae85a528aad514e9d9947cab0a1eec) Importer(815301076,1909f56bfc062723c751e8b465ee728b)  -> (artifact id: '3eb06637ef85707aff1e43e69b37fa80') in 0.006989 seconds 
  Import took 0.011198 seconds .

========================================================================
Received Import Request.
  Time since last request: 4.075041 seconds.
  path: Assets/Prefabs/Enemy3.prefab
  artifactKey: Guid(a00aad36f820cc54b8276a8971501a80) Importer(815301076,1909f56bfc062723c751e8b465ee728b)
Start importing Assets/Prefabs/Enemy3.prefab using Guid(a00aad36f820cc54b8276a8971501a80) Importer(815301076,1909f56bfc062723c751e8b465ee728b)  -> (artifact id: 'ef74d383e3edf13c9496afe8f3c0284f') in 0.014075 seconds 
  Import took 0.020543 seconds .

========================================================================
Received Import Request.
  Time since last request: 0.004691 seconds.
  path: Assets/Prefabs/Enemy3.prefab
  artifactKey: Guid(a00aad36f820cc54b8276a8971501a80) Importer(815301076,1909f56bfc062723c751e8b465ee728b)
Start importing Assets/Prefabs/Enemy3.prefab using Guid(a00aad36f820cc54b8276a8971501a80) Importer(815301076,1909f56bfc062723c751e8b465ee728b)  -> (artifact id: 'ef74d383e3edf13c9496afe8f3c0284f') in 0.008039 seconds 
  Import took 0.012931 seconds .

========================================================================
Received Import Request.
  Time since last request: 3.514793 seconds.
  path: Assets/Prefabs/Enemy4.prefab
  artifactKey: Guid(6979b213571c9fe44ac4e1e9da839c59) Importer(815301076,1909f56bfc062723c751e8b465ee728b)
Start importing Assets/Prefabs/Enemy4.prefab using Guid(6979b213571c9fe44ac4e1e9da839c59) Importer(815301076,1909f56bfc062723c751e8b465ee728b)  -> (artifact id: 'b06164345ba3274c2e9cc123ce0da08b') in 0.011803 seconds 
  Import took 0.016509 seconds .

========================================================================
Received Import Request.
  Time since last request: 4.091668 seconds.
  path: Assets/Prefabs/PowerUp.prefab
  artifactKey: Guid(9cf14c0cd97650b41ae54fb44ac36c87) Importer(815301076,1909f56bfc062723c751e8b465ee728b)
Start importing Assets/Prefabs/PowerUp.prefab using Guid(9cf14c0cd97650b41ae54fb44ac36c87) Importer(815301076,1909f56bfc062723c751e8b465ee728b)  -> (artifact id: '216f70d54047cc1b83b43be199228c13') in 0.011277 seconds 
  Import took 0.017703 seconds .

========================================================================
Received Import Request.
  Time since last request: 0.006717 seconds.
  path: Assets/Prefabs/PowerUp.prefab
  artifactKey: Guid(9cf14c0cd97650b41ae54fb44ac36c87) Importer(815301076,1909f56bfc062723c751e8b465ee728b)
Start importing Assets/Prefabs/PowerUp.prefab using Guid(9cf14c0cd97650b41ae54fb44ac36c87) Importer(815301076,1909f56bfc062723c751e8b465ee728b)  -> (artifact id: '216f70d54047cc1b83b43be199228c13') in 0.007290 seconds 
  Import took 0.011934 seconds .

========================================================================
Received Import Request.
  Time since last request: 167.970261 seconds.
  path: Assets/Materials/Red.mat
  artifactKey: Guid(0145b14ea56a3fc4caf5df902e805703) Importer(815301076,1909f56bfc062723c751e8b465ee728b)
Start importing Assets/Materials/Red.mat using Guid(0145b14ea56a3fc4caf5df902e805703) Importer(815301076,1909f56bfc062723c751e8b465ee728b)  -> (artifact id: 'bc48d11365a6f9dc94f337b61a17c1f7') in 0.031624 seconds 
  Import took 0.038923 seconds .

========================================================================
Received Import Request.
  Time since last request: 0.011269 seconds.
  path: Assets/Materials/Red_Dark.mat
  artifactKey: Guid(9e319890f4f03a643b69f88e7f4183f8) Importer(815301076,1909f56bfc062723c751e8b465ee728b)
Start importing Assets/Materials/Red_Dark.mat using Guid(9e319890f4f03a643b69f88e7f4183f8) Importer(815301076,1909f56bfc062723c751e8b465ee728b)  -> (artifact id: '1045db448bff3369944c1fa0bc54d569') in 0.010661 seconds 
  Import took 0.016572 seconds .

========================================================================
Received Import Request.
  Time since last request: 0.002977 seconds.
  path: Assets/Materials/Red_Light.mat
  artifactKey: Guid(52be346e4bb9f3b47983671d326d40e6) Importer(815301076,1909f56bfc062723c751e8b465ee728b)
Start importing Assets/Materials/Red_Light.mat using Guid(52be346e4bb9f3b47983671d326d40e6) Importer(815301076,1909f56bfc062723c751e8b465ee728b)  -> (artifact id: 'd32a680179f81f27e341dab7ce35599b') in 0.012227 seconds 
  Import took 0.017115 seconds .

========================================================================
Received Import Request.
  Time since last request: 0.005122 seconds.
  path: Assets/Materials/Blue.mat
  artifactKey: Guid(70b6861879323e74cbd76b5078e77dbf) Importer(815301076,1909f56bfc062723c751e8b465ee728b)
Start importing Assets/Materials/Blue.mat using Guid(70b6861879323e74cbd76b5078e77dbf) Importer(815301076,1909f56bfc062723c751e8b465ee728b)  -> (artifact id: 'b31fd87a46d57a39f4ab098f3beb7e56') in 0.011280 seconds 
  Import took 0.018772 seconds .

========================================================================
Received Import Request.
  Time since last request: 0.002066 seconds.
  path: Assets/Materials/Red_Medium.mat
  artifactKey: Guid(940784457915bbd47b6c687a260bcc9e) Importer(815301076,1909f56bfc062723c751e8b465ee728b)
Start importing Assets/Materials/Red_Medium.mat using Guid(940784457915bbd47b6c687a260bcc9e) Importer(815301076,1909f56bfc062723c751e8b465ee728b)  -> (artifact id: '560b6a64519444a75bcaecaa1b216c12') in 0.010068 seconds 
  Import took 0.014992 seconds .

========================================================================
Received Import Request.
  Time since last request: 0.006554 seconds.
  path: Assets/Materials/Gold.mat
  artifactKey: Guid(f67ee5bcc2ce573489b4d668bb290fc7) Importer(815301076,1909f56bfc062723c751e8b465ee728b)
Start importing Assets/Materials/Gold.mat using Guid(f67ee5bcc2ce573489b4d668bb290fc7) Importer(815301076,1909f56bfc062723c751e8b465ee728b)  -> (artifact id: '4378b0c56e243a4519cd6bcd57802152') in 0.010414 seconds 
  Import took 0.015389 seconds .

========================================================================
Received Import Request.
  Time since last request: 0.001911 seconds.
  path: Assets/Scenes/MyGame.unity
  artifactKey: Guid(9fc0d4010bbf28b4594072e72b8655ab) Importer(815301076,1909f56bfc062723c751e8b465ee728b)
Start importing Assets/Scenes/MyGame.unity using Guid(9fc0d4010bbf28b4594072e72b8655ab) Importer(815301076,1909f56bfc062723c751e8b465ee728b)  -> (artifact id: '06feb980e3c5093c3d3408b8110745f0') in 0.001758 seconds 
  Import took 0.006103 seconds .

AssetImportWorkerClient::OnTransportError - code=2 error=End of file
